Started GET "/" for 127.0.0.1 at 2017-08-13 17:15:28 -0700
Processing by Rails::WelcomeController#index as HTML
  Rendering /Users/rlittles/.rvm/gems/ruby-2.3.1/gems/railties-5.1.2/lib/rails/templates/rails/welcome/index.html.erb
  Rendered /Users/rlittles/.rvm/gems/ruby-2.3.1/gems/railties-5.1.2/lib/rails/templates/rails/welcome/index.html.erb (3.7ms)
Completed 200 OK in 110ms (Views: 7.8ms)


Started GET "/" for 127.0.0.1 at 2017-08-13 17:23:14 -0700
Processing by Rails::WelcomeController#index as HTML
  Rendering /Users/rlittles/.rvm/gems/ruby-2.3.1/gems/railties-5.1.2/lib/rails/templates/rails/welcome/index.html.erb
  Rendered /Users/rlittles/.rvm/gems/ruby-2.3.1/gems/railties-5.1.2/lib/rails/templates/rails/welcome/index.html.erb (3.0ms)
Completed 200 OK in 7ms (Views: 4.7ms)


Started GET "/" for 127.0.0.1 at 2017-08-13 17:25:48 -0700
  
SyntaxError (/Users/rlittles/workspace/hello_app/app/controllers/application_controller.rb:6: syntax error, unexpected ':', expecting keyword_end
    render :html: "Hello world!"
                 ^
/Users/rlittles/workspace/hello_app/app/controllers/application_controller.rb:7: syntax error, unexpected end-of-input, expecting keyword_end):
  
app/controllers/application_controller.rb:6: syntax error, unexpected ':', expecting keyword_end
app/controllers/application_controller.rb:7: syntax error, unexpected end-of-input, expecting keyword_end
Started GET "/" for 127.0.0.1 at 2017-08-13 17:25:50 -0700
  
SyntaxError (/Users/rlittles/workspace/hello_app/app/controllers/application_controller.rb:6: syntax error, unexpected ':', expecting keyword_end
    render :html: "Hello world!"
                 ^
/Users/rlittles/workspace/hello_app/app/controllers/application_controller.rb:7: syntax error, unexpected end-of-input, expecting keyword_end):
  
app/controllers/application_controller.rb:6: syntax error, unexpected ':', expecting keyword_end
app/controllers/application_controller.rb:7: syntax error, unexpected end-of-input, expecting keyword_end
Started GET "/" for 127.0.0.1 at 2017-08-13 17:27:06 -0700
  
SyntaxError (/Users/rlittles/workspace/hello_app/app/controllers/application_controller.rb:7: syntax error, unexpected end-of-input, expecting keyword_end):
  
app/controllers/application_controller.rb:7: syntax error, unexpected end-of-input, expecting keyword_end
Started GET "/" for 127.0.0.1 at 2017-08-13 17:27:08 -0700
  
SyntaxError (/Users/rlittles/workspace/hello_app/app/controllers/application_controller.rb:7: syntax error, unexpected end-of-input, expecting keyword_end):
  
app/controllers/application_controller.rb:7: syntax error, unexpected end-of-input, expecting keyword_end
Started GET "/" for 127.0.0.1 at 2017-08-13 17:27:10 -0700
  
SyntaxError (/Users/rlittles/workspace/hello_app/app/controllers/application_controller.rb:7: syntax error, unexpected end-of-input, expecting keyword_end):
  
app/controllers/application_controller.rb:7: syntax error, unexpected end-of-input, expecting keyword_end
Started GET "/" for 127.0.0.1 at 2017-08-13 17:27:19 -0700
  
SyntaxError (/Users/rlittles/workspace/hello_app/app/controllers/application_controller.rb:7: syntax error, unexpected end-of-input, expecting keyword_end):
  
app/controllers/application_controller.rb:7: syntax error, unexpected end-of-input, expecting keyword_end
Started GET "/" for 127.0.0.1 at 2017-08-13 17:28:28 -0700
  
SyntaxError (/Users/rlittles/workspace/hello_app/app/controllers/application_controller.rb:7: syntax error, unexpected end-of-input, expecting keyword_end):
  
app/controllers/application_controller.rb:7: syntax error, unexpected end-of-input, expecting keyword_end
Started GET "/" for 127.0.0.1 at 2017-08-13 17:28:42 -0700
  
SyntaxError (/Users/rlittles/workspace/hello_app/app/controllers/application_controller.rb:7: syntax error, unexpected end-of-input, expecting keyword_end):
  
app/controllers/application_controller.rb:7: syntax error, unexpected end-of-input, expecting keyword_end
Started GET "/" for 127.0.0.1 at 2017-08-13 17:28:44 -0700
  
SyntaxError (/Users/rlittles/workspace/hello_app/app/controllers/application_controller.rb:7: syntax error, unexpected end-of-input, expecting keyword_end):
  
app/controllers/application_controller.rb:7: syntax error, unexpected end-of-input, expecting keyword_end
Started GET "/" for 127.0.0.1 at 2017-08-13 17:29:00 -0700
  
SyntaxError (/Users/rlittles/workspace/hello_app/app/controllers/application_controller.rb:7: syntax error, unexpected end-of-input, expecting keyword_end):
  
app/controllers/application_controller.rb:7: syntax error, unexpected end-of-input, expecting keyword_end
Started GET "/" for 127.0.0.1 at 2017-08-13 17:30:56 -0700
Processing by ApplicationController#hello as HTML
  Rendering html template
  Rendered html template (0.1ms)
Completed 200 OK in 2ms (Views: 1.3ms)


